Command line: /Users/nirwantandukar/Library/Mobile Documents/com~apple~CloudDocs/Github/Illumina_PacBio_Hybrid/.conda_envs/hybridseq/bin/spades.py	-o	/Users/nirwantandukar/Library/Mobile Documents/com~apple~CloudDocs/Github/Illumina_PacBio_Hybrid/03_assemblies/smoke/CLR/ill10_pb5/spades_assembly	-k	27	--threads	2	--gfa11	--isolate	-1	/Users/nirwantandukar/Library/Mobile Documents/com~apple~CloudDocs/Github/Illumina_PacBio_Hybrid/02_reads/smoke/illumina/smoke.ill_cov10_1.fq.gz	-2	/Users/nirwantandukar/Library/Mobile Documents/com~apple~CloudDocs/Github/Illumina_PacBio_Hybrid/02_reads/smoke/illumina/smoke.ill_cov10_2.fq.gz	-m	1024	

System information:
  SPAdes version: 4.2.0
  Python version: 3.13.0
  OS: macOS-14.3-arm64-arm-64bit-Mach-O

Output dir: /Users/nirwantandukar/Library/Mobile Documents/com~apple~CloudDocs/Github/Illumina_PacBio_Hybrid/03_assemblies/smoke/CLR/ill10_pb5/spades_assembly
Mode: ONLY assembling (without read error correction)
Debug mode is turned OFF

Dataset parameters:
  Isolate mode
  Reads:
    Library number: 1, library type: paired-end
      orientation: fr
      left reads: ['/Users/nirwantandukar/Library/Mobile Documents/com~apple~CloudDocs/Github/Illumina_PacBio_Hybrid/02_reads/smoke/illumina/smoke.ill_cov10_1.fq.gz']
      right reads: ['/Users/nirwantandukar/Library/Mobile Documents/com~apple~CloudDocs/Github/Illumina_PacBio_Hybrid/02_reads/smoke/illumina/smoke.ill_cov10_2.fq.gz']
      interlaced reads: not specified
      single reads: not specified
      merged reads: not specified
Assembly parameters:
  k: [27]
  Repeat resolution is enabled
  Mismatch careful mode is turned OFF
  MismatchCorrector will be SKIPPED
  Coverage cutoff is turned OFF
  Assembly graph output will use GFA v1.1 format
Other parameters:
  Dir for temp files: /Users/nirwantandukar/Library/Mobile Documents/com~apple~CloudDocs/Github/Illumina_PacBio_Hybrid/03_assemblies/smoke/CLR/ill10_pb5/spades_assembly/tmp
  Threads: 2
  Memory limit (in Gb): 1024


======= SPAdes pipeline started. Log can be found here: /Users/nirwantandukar/Library/Mobile Documents/com~apple~CloudDocs/Github/Illumina_PacBio_Hybrid/03_assemblies/smoke/CLR/ill10_pb5/spades_assembly/spades.log

/Users/nirwantandukar/Library/Mobile Documents/com~apple~CloudDocs/Github/Illumina_PacBio_Hybrid/02_reads/smoke/illumina/smoke.ill_cov10_1.fq.gz: max reads length: 150
/Users/nirwantandukar/Library/Mobile Documents/com~apple~CloudDocs/Github/Illumina_PacBio_Hybrid/02_reads/smoke/illumina/smoke.ill_cov10_2.fq.gz: max reads length: 150

Reads length: 150


===== Before start started. 


===== Assembling started. 


===== K27 started. 


== Running: /Users/nirwantandukar/Library/Mobile Documents/com~apple~CloudDocs/Github/Illumina_PacBio_Hybrid/.conda_envs/hybridseq/bin/spades-core /Users/nirwantandukar/Library/Mobile Documents/com~apple~CloudDocs/Github/Illumina_PacBio_Hybrid/03_assemblies/smoke/CLR/ill10_pb5/spades_assembly/K27/configs/config.info /Users/nirwantandukar/Library/Mobile Documents/com~apple~CloudDocs/Github/Illumina_PacBio_Hybrid/03_assemblies/smoke/CLR/ill10_pb5/spades_assembly/K27/configs/isolate_mode.info

Exception caught conversion of data to type "std::__fs::filesystem::path" failed


== Error ==  system call for: "['/Users/nirwantandukar/Library/Mobile Documents/com~apple~CloudDocs/Github/Illumina_PacBio_Hybrid/.conda_envs/hybridseq/bin/spades-core', '/Users/nirwantandukar/Library/Mobile Documents/com~apple~CloudDocs/Github/Illumina_PacBio_Hybrid/03_assemblies/smoke/CLR/ill10_pb5/spades_assembly/K27/configs/config.info', '/Users/nirwantandukar/Library/Mobile Documents/com~apple~CloudDocs/Github/Illumina_PacBio_Hybrid/03_assemblies/smoke/CLR/ill10_pb5/spades_assembly/K27/configs/isolate_mode.info']" finished abnormally, OS return value: 4
None

In case you have troubles running SPAdes, you can report an issue on our GitHub repository github.com/ablab/spades
Please provide us with params.txt and spades.log files from the output directory.

SPAdes log can be found here: /Users/nirwantandukar/Library/Mobile Documents/com~apple~CloudDocs/Github/Illumina_PacBio_Hybrid/03_assemblies/smoke/CLR/ill10_pb5/spades_assembly/spades.log

Thank you for using SPAdes! If you use it in your research, please cite:

  Prjibelski, A., Antipov, D., Meleshko, D., Lapidus, A. and Korobeynikov, A., 2020. Using SPAdes de novo assembler. Current protocols in bioinformatics, 70(1), p.e102.
  doi.org/10.1002/cpbi.102

